CRITICAL - 2023-02-18 13:54:22 --> Undefined variable: getCountOpenItems
#0 C:\Users\EDMER\Desktop\htdocs\DTS\modules\DashboardManagement\Views\dashboard\totalItemStatusChart.php(9): CodeIgniter\Debug\Exceptions->errorHandler(8, 'Undefined varia...', 'C:\\Users\\EDMER\\...', 9, Array)
#1 C:\Users\EDMER\Desktop\htdocs\DTS\vendor\codeigniter4\framework\system\View\View.php(220): include('C:\\Users\\EDMER\\...')
#2 C:\Users\EDMER\Desktop\htdocs\DTS\vendor\codeigniter4\framework\system\View\View.php(222): CodeIgniter\View\View->CodeIgniter\View\{closure}()
#3 C:\Users\EDMER\Desktop\htdocs\DTS\vendor\codeigniter4\framework\system\View\View.php(468): CodeIgniter\View\View->render('Modules\\Dashboa...', NULL, true)
#4 C:\Users\EDMER\Desktop\htdocs\DTS\app\Views\templates\index.php(45): CodeIgniter\View\View->include('Modules\\Dashboa...')
#5 C:\Users\EDMER\Desktop\htdocs\DTS\vendor\codeigniter4\framework\system\View\View.php(220): include('C:\\Users\\EDMER\\...')
#6 C:\Users\EDMER\Desktop\htdocs\DTS\vendor\codeigniter4\framework\system\View\View.php(222): CodeIgniter\View\View->CodeIgniter\View\{closure}()
#7 C:\Users\EDMER\Desktop\htdocs\DTS\vendor\codeigniter4\framework\system\Common.php(1217): CodeIgniter\View\View->render('templates/index', Array, true)
#8 C:\Users\EDMER\Desktop\htdocs\DTS\modules\DefectManagement\Controllers\Item.php(17): view('templates/index', Array)
#9 C:\Users\EDMER\Desktop\htdocs\DTS\vendor\codeigniter4\framework\system\CodeIgniter.php(935): Modules\DefectManagement\Controllers\Item->index()
#10 C:\Users\EDMER\Desktop\htdocs\DTS\vendor\codeigniter4\framework\system\CodeIgniter.php(431): CodeIgniter\CodeIgniter->runController(Object(Modules\DefectManagement\Controllers\Item))
#11 C:\Users\EDMER\Desktop\htdocs\DTS\vendor\codeigniter4\framework\system\CodeIgniter.php(332): CodeIgniter\CodeIgniter->handleRequest(NULL, Object(Config\Cache), false)
#12 C:\Users\EDMER\Desktop\htdocs\DTS\public\index.php(44): CodeIgniter\CodeIgniter->run()
#13 C:\Users\EDMER\Desktop\htdocs\DTS\vendor\codeigniter4\framework\system\Commands\Server\rewrite.php(45): require_once('C:\\Users\\EDMER\\...')
#14 {main}
CRITICAL - 2023-02-18 14:00:50 --> Undefined variable: getCountOpenItems
#0 C:\Users\EDMER\Desktop\htdocs\DTS\modules\DashboardManagement\Views\dashboard\totalItemStatusChart.php(9): CodeIgniter\Debug\Exceptions->errorHandler(8, 'Undefined varia...', 'C:\\Users\\EDMER\\...', 9, Array)
#1 C:\Users\EDMER\Desktop\htdocs\DTS\vendor\codeigniter4\framework\system\View\View.php(220): include('C:\\Users\\EDMER\\...')
#2 C:\Users\EDMER\Desktop\htdocs\DTS\vendor\codeigniter4\framework\system\View\View.php(222): CodeIgniter\View\View->CodeIgniter\View\{closure}()
#3 C:\Users\EDMER\Desktop\htdocs\DTS\vendor\codeigniter4\framework\system\View\View.php(468): CodeIgniter\View\View->render('Modules\\Dashboa...', NULL, true)
#4 C:\Users\EDMER\Desktop\htdocs\DTS\app\Views\templates\index.php(45): CodeIgniter\View\View->include('Modules\\Dashboa...')
#5 C:\Users\EDMER\Desktop\htdocs\DTS\vendor\codeigniter4\framework\system\View\View.php(220): include('C:\\Users\\EDMER\\...')
#6 C:\Users\EDMER\Desktop\htdocs\DTS\vendor\codeigniter4\framework\system\View\View.php(222): CodeIgniter\View\View->CodeIgniter\View\{closure}()
#7 C:\Users\EDMER\Desktop\htdocs\DTS\vendor\codeigniter4\framework\system\Common.php(1217): CodeIgniter\View\View->render('templates/index', Array, true)
#8 C:\Users\EDMER\Desktop\htdocs\DTS\modules\DefectManagement\Controllers\Item.php(17): view('templates/index', Array)
#9 C:\Users\EDMER\Desktop\htdocs\DTS\vendor\codeigniter4\framework\system\CodeIgniter.php(935): Modules\DefectManagement\Controllers\Item->index()
#10 C:\Users\EDMER\Desktop\htdocs\DTS\vendor\codeigniter4\framework\system\CodeIgniter.php(431): CodeIgniter\CodeIgniter->runController(Object(Modules\DefectManagement\Controllers\Item))
#11 C:\Users\EDMER\Desktop\htdocs\DTS\vendor\codeigniter4\framework\system\CodeIgniter.php(332): CodeIgniter\CodeIgniter->handleRequest(NULL, Object(Config\Cache), false)
#12 C:\Users\EDMER\Desktop\htdocs\DTS\public\index.php(44): CodeIgniter\CodeIgniter->run()
#13 C:\Users\EDMER\Desktop\htdocs\DTS\vendor\codeigniter4\framework\system\Commands\Server\rewrite.php(45): require_once('C:\\Users\\EDMER\\...')
#14 {main}
CRITICAL - 2023-02-18 14:01:51 --> Undefined variable: getCountOpenItems
#0 C:\Users\EDMER\Desktop\htdocs\DTS\modules\DashboardManagement\Views\dashboard\totalItemStatusChart.php(9): CodeIgniter\Debug\Exceptions->errorHandler(8, 'Undefined varia...', 'C:\\Users\\EDMER\\...', 9, Array)
#1 C:\Users\EDMER\Desktop\htdocs\DTS\vendor\codeigniter4\framework\system\View\View.php(220): include('C:\\Users\\EDMER\\...')
#2 C:\Users\EDMER\Desktop\htdocs\DTS\vendor\codeigniter4\framework\system\View\View.php(222): CodeIgniter\View\View->CodeIgniter\View\{closure}()
#3 C:\Users\EDMER\Desktop\htdocs\DTS\vendor\codeigniter4\framework\system\View\View.php(468): CodeIgniter\View\View->render('Modules\\Dashboa...', NULL, true)
#4 C:\Users\EDMER\Desktop\htdocs\DTS\app\Views\templates\index.php(45): CodeIgniter\View\View->include('Modules\\Dashboa...')
#5 C:\Users\EDMER\Desktop\htdocs\DTS\vendor\codeigniter4\framework\system\View\View.php(220): include('C:\\Users\\EDMER\\...')
#6 C:\Users\EDMER\Desktop\htdocs\DTS\vendor\codeigniter4\framework\system\View\View.php(222): CodeIgniter\View\View->CodeIgniter\View\{closure}()
#7 C:\Users\EDMER\Desktop\htdocs\DTS\vendor\codeigniter4\framework\system\Common.php(1217): CodeIgniter\View\View->render('templates/index', Array, true)
#8 C:\Users\EDMER\Desktop\htdocs\DTS\modules\DefectManagement\Controllers\Item.php(17): view('templates/index', Array)
#9 C:\Users\EDMER\Desktop\htdocs\DTS\vendor\codeigniter4\framework\system\CodeIgniter.php(935): Modules\DefectManagement\Controllers\Item->index()
#10 C:\Users\EDMER\Desktop\htdocs\DTS\vendor\codeigniter4\framework\system\CodeIgniter.php(431): CodeIgniter\CodeIgniter->runController(Object(Modules\DefectManagement\Controllers\Item))
#11 C:\Users\EDMER\Desktop\htdocs\DTS\vendor\codeigniter4\framework\system\CodeIgniter.php(332): CodeIgniter\CodeIgniter->handleRequest(NULL, Object(Config\Cache), false)
#12 C:\Users\EDMER\Desktop\htdocs\DTS\public\index.php(44): CodeIgniter\CodeIgniter->run()
#13 C:\Users\EDMER\Desktop\htdocs\DTS\vendor\codeigniter4\framework\system\Commands\Server\rewrite.php(45): require_once('C:\\Users\\EDMER\\...')
#14 {main}
CRITICAL - 2023-02-18 14:02:40 --> View themes, no current section.
#0 C:\Users\EDMER\Desktop\htdocs\DTS\app\Views\templates\index.php(42): CodeIgniter\View\View->endSection('content')
#1 C:\Users\EDMER\Desktop\htdocs\DTS\vendor\codeigniter4\framework\system\View\View.php(220): include('C:\\Users\\EDMER\\...')
#2 C:\Users\EDMER\Desktop\htdocs\DTS\vendor\codeigniter4\framework\system\View\View.php(222): CodeIgniter\View\View->CodeIgniter\View\{closure}()
#3 C:\Users\EDMER\Desktop\htdocs\DTS\vendor\codeigniter4\framework\system\Common.php(1217): CodeIgniter\View\View->render('templates/index', Array, true)
#4 C:\Users\EDMER\Desktop\htdocs\DTS\modules\DashboardManagement\Controllers\Dashboard.php(21): view('templates/index', Array)
#5 C:\Users\EDMER\Desktop\htdocs\DTS\vendor\codeigniter4\framework\system\CodeIgniter.php(935): Modules\DashboardManagement\Controllers\Dashboard->index()
#6 C:\Users\EDMER\Desktop\htdocs\DTS\vendor\codeigniter4\framework\system\CodeIgniter.php(431): CodeIgniter\CodeIgniter->runController(Object(Modules\DashboardManagement\Controllers\Dashboard))
#7 C:\Users\EDMER\Desktop\htdocs\DTS\vendor\codeigniter4\framework\system\CodeIgniter.php(332): CodeIgniter\CodeIgniter->handleRequest(NULL, Object(Config\Cache), false)
#8 C:\Users\EDMER\Desktop\htdocs\DTS\public\index.php(44): CodeIgniter\CodeIgniter->run()
#9 C:\Users\EDMER\Desktop\htdocs\DTS\vendor\codeigniter4\framework\system\Commands\Server\rewrite.php(45): require_once('C:\\Users\\EDMER\\...')
#10 {main}
CRITICAL - 2023-02-18 14:02:49 --> View themes, no current section.
#0 C:\Users\EDMER\Desktop\htdocs\DTS\app\Views\templates\index.php(42): CodeIgniter\View\View->endSection('content')
#1 C:\Users\EDMER\Desktop\htdocs\DTS\vendor\codeigniter4\framework\system\View\View.php(220): include('C:\\Users\\EDMER\\...')
#2 C:\Users\EDMER\Desktop\htdocs\DTS\vendor\codeigniter4\framework\system\View\View.php(222): CodeIgniter\View\View->CodeIgniter\View\{closure}()
#3 C:\Users\EDMER\Desktop\htdocs\DTS\vendor\codeigniter4\framework\system\Common.php(1217): CodeIgniter\View\View->render('templates/index', Array, true)
#4 C:\Users\EDMER\Desktop\htdocs\DTS\modules\DashboardManagement\Controllers\Dashboard.php(21): view('templates/index', Array)
#5 C:\Users\EDMER\Desktop\htdocs\DTS\vendor\codeigniter4\framework\system\CodeIgniter.php(935): Modules\DashboardManagement\Controllers\Dashboard->index()
#6 C:\Users\EDMER\Desktop\htdocs\DTS\vendor\codeigniter4\framework\system\CodeIgniter.php(431): CodeIgniter\CodeIgniter->runController(Object(Modules\DashboardManagement\Controllers\Dashboard))
#7 C:\Users\EDMER\Desktop\htdocs\DTS\vendor\codeigniter4\framework\system\CodeIgniter.php(332): CodeIgniter\CodeIgniter->handleRequest(NULL, Object(Config\Cache), false)
#8 C:\Users\EDMER\Desktop\htdocs\DTS\public\index.php(44): CodeIgniter\CodeIgniter->run()
#9 C:\Users\EDMER\Desktop\htdocs\DTS\vendor\codeigniter4\framework\system\Commands\Server\rewrite.php(45): require_once('C:\\Users\\EDMER\\...')
#10 {main}
