CRITICAL - 2023-02-03 11:18:41 --> Undefined property: Modules\DefectManagement\Controllers\Item::$rolePermissionsModel
#0 C:\xampp\htdocs\delcs_elective_three\project_elective\app\Controllers\BaseController.php(72): CodeIgniter\Debug\Exceptions->errorHandler(8, 'Undefined prope...', 'C:\\xampp\\htdocs...', 72, Array)
#1 C:\xampp\htdocs\delcs_elective_three\project_elective\modules\DefectManagement\Controllers\Item.php(10): App\Controllers\BaseController->hasPermissionRedirect('dashboard')
#2 C:\xampp\htdocs\delcs_elective_three\project_elective\vendor\codeigniter4\framework\system\CodeIgniter.php(935): Modules\DefectManagement\Controllers\Item->index()
#3 C:\xampp\htdocs\delcs_elective_three\project_elective\vendor\codeigniter4\framework\system\CodeIgniter.php(431): CodeIgniter\CodeIgniter->runController(Object(Modules\DefectManagement\Controllers\Item))
#4 C:\xampp\htdocs\delcs_elective_three\project_elective\vendor\codeigniter4\framework\system\CodeIgniter.php(332): CodeIgniter\CodeIgniter->handleRequest(NULL, Object(Config\Cache), false)
#5 C:\xampp\htdocs\delcs_elective_three\project_elective\public\index.php(44): CodeIgniter\CodeIgniter->run()
#6 C:\xampp\htdocs\delcs_elective_three\project_elective\vendor\codeigniter4\framework\system\Commands\Server\rewrite.php(45): require_once('C:\\xampp\\htdocs...')
#7 {main}
CRITICAL - 2023-02-03 13:58:18 --> Undefined index: u_first_name
#0 C:\xampp\htdocs\delcs_elective_three\project_elective\modules\DefectManagement\Views\items\index.php(34): CodeIgniter\Debug\Exceptions->errorHandler(8, 'Undefined index...', 'C:\\xampp\\htdocs...', 34, Array)
#1 C:\xampp\htdocs\delcs_elective_three\project_elective\vendor\codeigniter4\framework\system\View\View.php(220): include('C:\\xampp\\htdocs...')
#2 C:\xampp\htdocs\delcs_elective_three\project_elective\vendor\codeigniter4\framework\system\View\View.php(222): CodeIgniter\View\View->CodeIgniter\View\{closure}()
#3 C:\xampp\htdocs\delcs_elective_three\project_elective\vendor\codeigniter4\framework\system\Common.php(1217): CodeIgniter\View\View->render('Modules\\DefectM...', Array, true)
#4 C:\xampp\htdocs\delcs_elective_three\project_elective\app\Views\templates\index.php(18): view('Modules\\DefectM...')
#5 C:\xampp\htdocs\delcs_elective_three\project_elective\vendor\codeigniter4\framework\system\View\View.php(220): include('C:\\xampp\\htdocs...')
#6 C:\xampp\htdocs\delcs_elective_three\project_elective\vendor\codeigniter4\framework\system\View\View.php(222): CodeIgniter\View\View->CodeIgniter\View\{closure}()
#7 C:\xampp\htdocs\delcs_elective_three\project_elective\vendor\codeigniter4\framework\system\Common.php(1217): CodeIgniter\View\View->render('templates/index', Array, true)
#8 C:\xampp\htdocs\delcs_elective_three\project_elective\modules\DefectManagement\Controllers\Item.php(18): view('templates/index', Array)
#9 C:\xampp\htdocs\delcs_elective_three\project_elective\vendor\codeigniter4\framework\system\CodeIgniter.php(935): Modules\DefectManagement\Controllers\Item->index()
#10 C:\xampp\htdocs\delcs_elective_three\project_elective\vendor\codeigniter4\framework\system\CodeIgniter.php(431): CodeIgniter\CodeIgniter->runController(Object(Modules\DefectManagement\Controllers\Item))
#11 C:\xampp\htdocs\delcs_elective_three\project_elective\vendor\codeigniter4\framework\system\CodeIgniter.php(332): CodeIgniter\CodeIgniter->handleRequest(NULL, Object(Config\Cache), false)
#12 C:\xampp\htdocs\delcs_elective_three\project_elective\public\index.php(44): CodeIgniter\CodeIgniter->run()
#13 C:\xampp\htdocs\delcs_elective_three\project_elective\vendor\codeigniter4\framework\system\Commands\Server\rewrite.php(45): require_once('C:\\xampp\\htdocs...')
#14 {main}
CRITICAL - 2023-02-03 15:07:33 --> Undefined index: title
#0 C:\xampp\htdocs\delcs_elective_three\project_elective\modules\DefectManagement\Views\items\index.php(34): CodeIgniter\Debug\Exceptions->errorHandler(8, 'Undefined index...', 'C:\\xampp\\htdocs...', 34, Array)
#1 C:\xampp\htdocs\delcs_elective_three\project_elective\vendor\codeigniter4\framework\system\View\View.php(220): include('C:\\xampp\\htdocs...')
#2 C:\xampp\htdocs\delcs_elective_three\project_elective\vendor\codeigniter4\framework\system\View\View.php(222): CodeIgniter\View\View->CodeIgniter\View\{closure}()
#3 C:\xampp\htdocs\delcs_elective_three\project_elective\vendor\codeigniter4\framework\system\Common.php(1217): CodeIgniter\View\View->render('Modules\\DefectM...', Array, true)
#4 C:\xampp\htdocs\delcs_elective_three\project_elective\app\Views\templates\index.php(18): view('Modules\\DefectM...')
#5 C:\xampp\htdocs\delcs_elective_three\project_elective\vendor\codeigniter4\framework\system\View\View.php(220): include('C:\\xampp\\htdocs...')
#6 C:\xampp\htdocs\delcs_elective_three\project_elective\vendor\codeigniter4\framework\system\View\View.php(222): CodeIgniter\View\View->CodeIgniter\View\{closure}()
#7 C:\xampp\htdocs\delcs_elective_three\project_elective\vendor\codeigniter4\framework\system\Common.php(1217): CodeIgniter\View\View->render('templates/index', Array, true)
#8 C:\xampp\htdocs\delcs_elective_three\project_elective\modules\DefectManagement\Controllers\Item.php(26): view('templates/index', Array)
#9 C:\xampp\htdocs\delcs_elective_three\project_elective\vendor\codeigniter4\framework\system\CodeIgniter.php(935): Modules\DefectManagement\Controllers\Item->index()
#10 C:\xampp\htdocs\delcs_elective_three\project_elective\vendor\codeigniter4\framework\system\CodeIgniter.php(431): CodeIgniter\CodeIgniter->runController(Object(Modules\DefectManagement\Controllers\Item))
#11 C:\xampp\htdocs\delcs_elective_three\project_elective\vendor\codeigniter4\framework\system\CodeIgniter.php(332): CodeIgniter\CodeIgniter->handleRequest(NULL, Object(Config\Cache), false)
#12 C:\xampp\htdocs\delcs_elective_three\project_elective\public\index.php(44): CodeIgniter\CodeIgniter->run()
#13 C:\xampp\htdocs\delcs_elective_three\project_elective\vendor\codeigniter4\framework\system\Commands\Server\rewrite.php(45): require_once('C:\\xampp\\htdocs...')
#14 {main}
CRITICAL - 2023-02-03 15:39:38 --> Undefined index: title
#0 C:\xampp\htdocs\delcs_elective_three\project_elective\modules\DefectManagement\Views\items\index.php(34): CodeIgniter\Debug\Exceptions->errorHandler(8, 'Undefined index...', 'C:\\xampp\\htdocs...', 34, Array)
#1 C:\xampp\htdocs\delcs_elective_three\project_elective\vendor\codeigniter4\framework\system\View\View.php(220): include('C:\\xampp\\htdocs...')
#2 C:\xampp\htdocs\delcs_elective_three\project_elective\vendor\codeigniter4\framework\system\View\View.php(222): CodeIgniter\View\View->CodeIgniter\View\{closure}()
#3 C:\xampp\htdocs\delcs_elective_three\project_elective\vendor\codeigniter4\framework\system\Common.php(1217): CodeIgniter\View\View->render('Modules\\DefectM...', Array, true)
#4 C:\xampp\htdocs\delcs_elective_three\project_elective\app\Views\templates\index.php(18): view('Modules\\DefectM...')
#5 C:\xampp\htdocs\delcs_elective_three\project_elective\vendor\codeigniter4\framework\system\View\View.php(220): include('C:\\xampp\\htdocs...')
#6 C:\xampp\htdocs\delcs_elective_three\project_elective\vendor\codeigniter4\framework\system\View\View.php(222): CodeIgniter\View\View->CodeIgniter\View\{closure}()
#7 C:\xampp\htdocs\delcs_elective_three\project_elective\vendor\codeigniter4\framework\system\Common.php(1217): CodeIgniter\View\View->render('templates/index', Array, true)
#8 C:\xampp\htdocs\delcs_elective_three\project_elective\modules\DefectManagement\Controllers\Item.php(26): view('templates/index', Array)
#9 C:\xampp\htdocs\delcs_elective_three\project_elective\vendor\codeigniter4\framework\system\CodeIgniter.php(935): Modules\DefectManagement\Controllers\Item->index()
#10 C:\xampp\htdocs\delcs_elective_three\project_elective\vendor\codeigniter4\framework\system\CodeIgniter.php(431): CodeIgniter\CodeIgniter->runController(Object(Modules\DefectManagement\Controllers\Item))
#11 C:\xampp\htdocs\delcs_elective_three\project_elective\vendor\codeigniter4\framework\system\CodeIgniter.php(332): CodeIgniter\CodeIgniter->handleRequest(NULL, Object(Config\Cache), false)
#12 C:\xampp\htdocs\delcs_elective_three\project_elective\public\index.php(44): CodeIgniter\CodeIgniter->run()
#13 C:\xampp\htdocs\delcs_elective_three\project_elective\vendor\codeigniter4\framework\system\Commands\Server\rewrite.php(45): require_once('C:\\xampp\\htdocs...')
#14 {main}
CRITICAL - 2023-02-03 18:06:19 --> Undefined variable: user
#0 C:\xampp\htdocs\delcs_elective_three\project_elective\modules\DefectManagement\Views\addtask\tasks.php(243): CodeIgniter\Debug\Exceptions->errorHandler(8, 'Undefined varia...', 'C:\\xampp\\htdocs...', 243, Array)
#1 C:\xampp\htdocs\delcs_elective_three\project_elective\vendor\codeigniter4\framework\system\View\View.php(220): include('C:\\xampp\\htdocs...')
#2 C:\xampp\htdocs\delcs_elective_three\project_elective\vendor\codeigniter4\framework\system\View\View.php(222): CodeIgniter\View\View->CodeIgniter\View\{closure}()
#3 C:\xampp\htdocs\delcs_elective_three\project_elective\vendor\codeigniter4\framework\system\Common.php(1217): CodeIgniter\View\View->render('Modules\\DefectM...', Array, true)
#4 C:\xampp\htdocs\delcs_elective_three\project_elective\app\Views\templates\index.php(18): view('Modules\\DefectM...')
#5 C:\xampp\htdocs\delcs_elective_three\project_elective\vendor\codeigniter4\framework\system\View\View.php(220): include('C:\\xampp\\htdocs...')
#6 C:\xampp\htdocs\delcs_elective_three\project_elective\vendor\codeigniter4\framework\system\View\View.php(222): CodeIgniter\View\View->CodeIgniter\View\{closure}()
#7 C:\xampp\htdocs\delcs_elective_three\project_elective\vendor\codeigniter4\framework\system\Common.php(1217): CodeIgniter\View\View->render('templates/index', Array, true)
#8 C:\xampp\htdocs\delcs_elective_three\project_elective\modules\DefectManagement\Controllers\Item.php(39): view('templates/index', Array)
#9 C:\xampp\htdocs\delcs_elective_three\project_elective\vendor\codeigniter4\framework\system\CodeIgniter.php(935): Modules\DefectManagement\Controllers\Item->tasks()
#10 C:\xampp\htdocs\delcs_elective_three\project_elective\vendor\codeigniter4\framework\system\CodeIgniter.php(431): CodeIgniter\CodeIgniter->runController(Object(Modules\DefectManagement\Controllers\Item))
#11 C:\xampp\htdocs\delcs_elective_three\project_elective\vendor\codeigniter4\framework\system\CodeIgniter.php(332): CodeIgniter\CodeIgniter->handleRequest(NULL, Object(Config\Cache), false)
#12 C:\xampp\htdocs\delcs_elective_three\project_elective\public\index.php(44): CodeIgniter\CodeIgniter->run()
#13 C:\xampp\htdocs\delcs_elective_three\project_elective\vendor\codeigniter4\framework\system\Commands\Server\rewrite.php(45): require_once('C:\\xampp\\htdocs...')
#14 {main}
CRITICAL - 2023-02-03 18:25:04 --> Undefined variable: itemsNotAssigned
#0 C:\xampp\htdocs\delcs_elective_three\project_elective\modules\DefectManagement\Views\addtask\tasks.php(68): CodeIgniter\Debug\Exceptions->errorHandler(8, 'Undefined varia...', 'C:\\xampp\\htdocs...', 68, Array)
#1 C:\xampp\htdocs\delcs_elective_three\project_elective\vendor\codeigniter4\framework\system\View\View.php(220): include('C:\\xampp\\htdocs...')
#2 C:\xampp\htdocs\delcs_elective_three\project_elective\vendor\codeigniter4\framework\system\View\View.php(222): CodeIgniter\View\View->CodeIgniter\View\{closure}()
#3 C:\xampp\htdocs\delcs_elective_three\project_elective\vendor\codeigniter4\framework\system\Common.php(1217): CodeIgniter\View\View->render('Modules\\DefectM...', Array, true)
#4 C:\xampp\htdocs\delcs_elective_three\project_elective\app\Views\templates\index.php(18): view('Modules\\DefectM...')
#5 C:\xampp\htdocs\delcs_elective_three\project_elective\vendor\codeigniter4\framework\system\View\View.php(220): include('C:\\xampp\\htdocs...')
#6 C:\xampp\htdocs\delcs_elective_three\project_elective\vendor\codeigniter4\framework\system\View\View.php(222): CodeIgniter\View\View->CodeIgniter\View\{closure}()
#7 C:\xampp\htdocs\delcs_elective_three\project_elective\vendor\codeigniter4\framework\system\Common.php(1217): CodeIgniter\View\View->render('templates/index', Array, true)
#8 C:\xampp\htdocs\delcs_elective_three\project_elective\modules\DefectManagement\Controllers\Item.php(43): view('templates/index', Array)
#9 C:\xampp\htdocs\delcs_elective_three\project_elective\vendor\codeigniter4\framework\system\CodeIgniter.php(935): Modules\DefectManagement\Controllers\Item->tasks()
#10 C:\xampp\htdocs\delcs_elective_three\project_elective\vendor\codeigniter4\framework\system\CodeIgniter.php(431): CodeIgniter\CodeIgniter->runController(Object(Modules\DefectManagement\Controllers\Item))
#11 C:\xampp\htdocs\delcs_elective_three\project_elective\vendor\codeigniter4\framework\system\CodeIgniter.php(332): CodeIgniter\CodeIgniter->handleRequest(NULL, Object(Config\Cache), false)
#12 C:\xampp\htdocs\delcs_elective_three\project_elective\public\index.php(44): CodeIgniter\CodeIgniter->run()
#13 C:\xampp\htdocs\delcs_elective_three\project_elective\vendor\codeigniter4\framework\system\Commands\Server\rewrite.php(45): require_once('C:\\xampp\\htdocs...')
#14 {main}
CRITICAL - 2023-02-03 18:28:31 --> Undefined variable: itemsNotAssigned
#0 C:\xampp\htdocs\delcs_elective_three\project_elective\modules\DefectManagement\Views\addtask\tasks.php(49): CodeIgniter\Debug\Exceptions->errorHandler(8, 'Undefined varia...', 'C:\\xampp\\htdocs...', 49, Array)
#1 C:\xampp\htdocs\delcs_elective_three\project_elective\vendor\codeigniter4\framework\system\View\View.php(220): include('C:\\xampp\\htdocs...')
#2 C:\xampp\htdocs\delcs_elective_three\project_elective\vendor\codeigniter4\framework\system\View\View.php(222): CodeIgniter\View\View->CodeIgniter\View\{closure}()
#3 C:\xampp\htdocs\delcs_elective_three\project_elective\vendor\codeigniter4\framework\system\Common.php(1217): CodeIgniter\View\View->render('Modules\\DefectM...', Array, true)
#4 C:\xampp\htdocs\delcs_elective_three\project_elective\app\Views\templates\index.php(18): view('Modules\\DefectM...')
#5 C:\xampp\htdocs\delcs_elective_three\project_elective\vendor\codeigniter4\framework\system\View\View.php(220): include('C:\\xampp\\htdocs...')
#6 C:\xampp\htdocs\delcs_elective_three\project_elective\vendor\codeigniter4\framework\system\View\View.php(222): CodeIgniter\View\View->CodeIgniter\View\{closure}()
#7 C:\xampp\htdocs\delcs_elective_three\project_elective\vendor\codeigniter4\framework\system\Common.php(1217): CodeIgniter\View\View->render('templates/index', Array, true)
#8 C:\xampp\htdocs\delcs_elective_three\project_elective\modules\DefectManagement\Controllers\Item.php(43): view('templates/index', Array)
#9 C:\xampp\htdocs\delcs_elective_three\project_elective\vendor\codeigniter4\framework\system\CodeIgniter.php(935): Modules\DefectManagement\Controllers\Item->tasks()
#10 C:\xampp\htdocs\delcs_elective_three\project_elective\vendor\codeigniter4\framework\system\CodeIgniter.php(431): CodeIgniter\CodeIgniter->runController(Object(Modules\DefectManagement\Controllers\Item))
#11 C:\xampp\htdocs\delcs_elective_three\project_elective\vendor\codeigniter4\framework\system\CodeIgniter.php(332): CodeIgniter\CodeIgniter->handleRequest(NULL, Object(Config\Cache), false)
#12 C:\xampp\htdocs\delcs_elective_three\project_elective\public\index.php(44): CodeIgniter\CodeIgniter->run()
#13 C:\xampp\htdocs\delcs_elective_three\project_elective\vendor\codeigniter4\framework\system\Commands\Server\rewrite.php(45): require_once('C:\\xampp\\htdocs...')
#14 {main}
CRITICAL - 2023-02-03 18:54:27 --> Undefined variable: getUsers
#0 C:\xampp\htdocs\delcs_elective_three\project_elective\modules\DefectManagement\Views\items\index.php(76): CodeIgniter\Debug\Exceptions->errorHandler(8, 'Undefined varia...', 'C:\\xampp\\htdocs...', 76, Array)
#1 C:\xampp\htdocs\delcs_elective_three\project_elective\vendor\codeigniter4\framework\system\View\View.php(220): include('C:\\xampp\\htdocs...')
#2 C:\xampp\htdocs\delcs_elective_three\project_elective\vendor\codeigniter4\framework\system\View\View.php(222): CodeIgniter\View\View->CodeIgniter\View\{closure}()
#3 C:\xampp\htdocs\delcs_elective_three\project_elective\vendor\codeigniter4\framework\system\Common.php(1217): CodeIgniter\View\View->render('Modules\\DefectM...', Array, true)
#4 C:\xampp\htdocs\delcs_elective_three\project_elective\app\Views\templates\index.php(18): view('Modules\\DefectM...')
#5 C:\xampp\htdocs\delcs_elective_three\project_elective\vendor\codeigniter4\framework\system\View\View.php(220): include('C:\\xampp\\htdocs...')
#6 C:\xampp\htdocs\delcs_elective_three\project_elective\vendor\codeigniter4\framework\system\View\View.php(222): CodeIgniter\View\View->CodeIgniter\View\{closure}()
#7 C:\xampp\htdocs\delcs_elective_three\project_elective\vendor\codeigniter4\framework\system\Common.php(1217): CodeIgniter\View\View->render('templates/index', Array, true)
#8 C:\xampp\htdocs\delcs_elective_three\project_elective\modules\DefectManagement\Controllers\Item.php(26): view('templates/index', Array)
#9 C:\xampp\htdocs\delcs_elective_three\project_elective\vendor\codeigniter4\framework\system\CodeIgniter.php(935): Modules\DefectManagement\Controllers\Item->index()
#10 C:\xampp\htdocs\delcs_elective_three\project_elective\vendor\codeigniter4\framework\system\CodeIgniter.php(431): CodeIgniter\CodeIgniter->runController(Object(Modules\DefectManagement\Controllers\Item))
#11 C:\xampp\htdocs\delcs_elective_three\project_elective\vendor\codeigniter4\framework\system\CodeIgniter.php(332): CodeIgniter\CodeIgniter->handleRequest(NULL, Object(Config\Cache), false)
#12 C:\xampp\htdocs\delcs_elective_three\project_elective\public\index.php(44): CodeIgniter\CodeIgniter->run()
#13 C:\xampp\htdocs\delcs_elective_three\project_elective\vendor\codeigniter4\framework\system\Commands\Server\rewrite.php(45): require_once('C:\\xampp\\htdocs...')
#14 {main}
