CRITICAL - 2023-02-05 12:00:06 --> Undefined variable: getAllItemsNotAssigned
#0 C:\xampp\htdocs\DTS\modules\DefectManagement\Views\items\index.php(31): CodeIgniter\Debug\Exceptions->errorHandler(8, 'Undefined varia...', 'C:\\xampp\\htdocs...', 31, Array)
#1 C:\xampp\htdocs\DTS\vendor\codeigniter4\framework\system\View\View.php(220): include('C:\\xampp\\htdocs...')
#2 C:\xampp\htdocs\DTS\vendor\codeigniter4\framework\system\View\View.php(222): CodeIgniter\View\View->CodeIgniter\View\{closure}()
#3 C:\xampp\htdocs\DTS\vendor\codeigniter4\framework\system\Common.php(1217): CodeIgniter\View\View->render('Modules\\DefectM...', Array, true)
#4 C:\xampp\htdocs\DTS\app\Views\templates\index.php(18): view('Modules\\DefectM...')
#5 C:\xampp\htdocs\DTS\vendor\codeigniter4\framework\system\View\View.php(220): include('C:\\xampp\\htdocs...')
#6 C:\xampp\htdocs\DTS\vendor\codeigniter4\framework\system\View\View.php(222): CodeIgniter\View\View->CodeIgniter\View\{closure}()
#7 C:\xampp\htdocs\DTS\vendor\codeigniter4\framework\system\Common.php(1217): CodeIgniter\View\View->render('templates/index', Array, true)
#8 C:\xampp\htdocs\DTS\modules\DefectManagement\Controllers\Item.php(20): view('templates/index', Array)
#9 C:\xampp\htdocs\DTS\vendor\codeigniter4\framework\system\CodeIgniter.php(935): Modules\DefectManagement\Controllers\Item->index()
#10 C:\xampp\htdocs\DTS\vendor\codeigniter4\framework\system\CodeIgniter.php(431): CodeIgniter\CodeIgniter->runController(Object(Modules\DefectManagement\Controllers\Item))
#11 C:\xampp\htdocs\DTS\vendor\codeigniter4\framework\system\CodeIgniter.php(332): CodeIgniter\CodeIgniter->handleRequest(NULL, Object(Config\Cache), false)
#12 C:\xampp\htdocs\DTS\public\index.php(44): CodeIgniter\CodeIgniter->run()
#13 C:\xampp\htdocs\DTS\vendor\codeigniter4\framework\system\Commands\Server\rewrite.php(45): require_once('C:\\xampp\\htdocs...')
#14 {main}
CRITICAL - 2023-02-05 13:52:06 --> Undefined variable: user
#0 C:\xampp\htdocs\DTS\modules\DefectManagement\Views\items\itemsView.php(57): CodeIgniter\Debug\Exceptions->errorHandler(8, 'Undefined varia...', 'C:\\xampp\\htdocs...', 57, Array)
#1 C:\xampp\htdocs\DTS\vendor\codeigniter4\framework\system\View\View.php(220): include('C:\\xampp\\htdocs...')
#2 C:\xampp\htdocs\DTS\vendor\codeigniter4\framework\system\View\View.php(222): CodeIgniter\View\View->CodeIgniter\View\{closure}()
#3 C:\xampp\htdocs\DTS\vendor\codeigniter4\framework\system\Common.php(1217): CodeIgniter\View\View->render('Modules\\DefectM...', Array, true)
#4 C:\xampp\htdocs\DTS\modules\DefectManagement\Controllers\Item.php(26): view('Modules\\DefectM...', Array)
#5 C:\xampp\htdocs\DTS\vendor\codeigniter4\framework\system\CodeIgniter.php(935): Modules\DefectManagement\Controllers\Item->defectItemViewReload()
#6 C:\xampp\htdocs\DTS\vendor\codeigniter4\framework\system\CodeIgniter.php(431): CodeIgniter\CodeIgniter->runController(Object(Modules\DefectManagement\Controllers\Item))
#7 C:\xampp\htdocs\DTS\vendor\codeigniter4\framework\system\CodeIgniter.php(332): CodeIgniter\CodeIgniter->handleRequest(NULL, Object(Config\Cache), false)
#8 C:\xampp\htdocs\DTS\public\index.php(44): CodeIgniter\CodeIgniter->run()
#9 C:\xampp\htdocs\DTS\vendor\codeigniter4\framework\system\Commands\Server\rewrite.php(45): require_once('C:\\xampp\\htdocs...')
#10 {main}
CRITICAL - 2023-02-05 13:52:39 --> Undefined index: id
#0 C:\xampp\htdocs\DTS\modules\DefectManagement\Views\items\itemsView.php(57): CodeIgniter\Debug\Exceptions->errorHandler(8, 'Undefined index...', 'C:\\xampp\\htdocs...', 57, Array)
#1 C:\xampp\htdocs\DTS\vendor\codeigniter4\framework\system\View\View.php(220): include('C:\\xampp\\htdocs...')
#2 C:\xampp\htdocs\DTS\vendor\codeigniter4\framework\system\View\View.php(222): CodeIgniter\View\View->CodeIgniter\View\{closure}()
#3 C:\xampp\htdocs\DTS\vendor\codeigniter4\framework\system\Common.php(1217): CodeIgniter\View\View->render('Modules\\DefectM...', Array, true)
#4 C:\xampp\htdocs\DTS\modules\DefectManagement\Controllers\Item.php(26): view('Modules\\DefectM...', Array)
#5 C:\xampp\htdocs\DTS\vendor\codeigniter4\framework\system\CodeIgniter.php(935): Modules\DefectManagement\Controllers\Item->defectItemViewReload()
#6 C:\xampp\htdocs\DTS\vendor\codeigniter4\framework\system\CodeIgniter.php(431): CodeIgniter\CodeIgniter->runController(Object(Modules\DefectManagement\Controllers\Item))
#7 C:\xampp\htdocs\DTS\vendor\codeigniter4\framework\system\CodeIgniter.php(332): CodeIgniter\CodeIgniter->handleRequest(NULL, Object(Config\Cache), false)
#8 C:\xampp\htdocs\DTS\public\index.php(44): CodeIgniter\CodeIgniter->run()
#9 C:\xampp\htdocs\DTS\vendor\codeigniter4\framework\system\Commands\Server\rewrite.php(45): require_once('C:\\xampp\\htdocs...')
#10 {main}
CRITICAL - 2023-02-05 13:53:30 --> Undefined index: id
#0 C:\xampp\htdocs\DTS\modules\DefectManagement\Views\items\itemsView.php(57): CodeIgniter\Debug\Exceptions->errorHandler(8, 'Undefined index...', 'C:\\xampp\\htdocs...', 57, Array)
#1 C:\xampp\htdocs\DTS\vendor\codeigniter4\framework\system\View\View.php(220): include('C:\\xampp\\htdocs...')
#2 C:\xampp\htdocs\DTS\vendor\codeigniter4\framework\system\View\View.php(222): CodeIgniter\View\View->CodeIgniter\View\{closure}()
#3 C:\xampp\htdocs\DTS\vendor\codeigniter4\framework\system\Common.php(1217): CodeIgniter\View\View->render('Modules\\DefectM...', Array, true)
#4 C:\xampp\htdocs\DTS\modules\DefectManagement\Controllers\Item.php(26): view('Modules\\DefectM...', Array)
#5 C:\xampp\htdocs\DTS\vendor\codeigniter4\framework\system\CodeIgniter.php(935): Modules\DefectManagement\Controllers\Item->defectItemViewReload()
#6 C:\xampp\htdocs\DTS\vendor\codeigniter4\framework\system\CodeIgniter.php(431): CodeIgniter\CodeIgniter->runController(Object(Modules\DefectManagement\Controllers\Item))
#7 C:\xampp\htdocs\DTS\vendor\codeigniter4\framework\system\CodeIgniter.php(332): CodeIgniter\CodeIgniter->handleRequest(NULL, Object(Config\Cache), false)
#8 C:\xampp\htdocs\DTS\public\index.php(44): CodeIgniter\CodeIgniter->run()
#9 C:\xampp\htdocs\DTS\vendor\codeigniter4\framework\system\Commands\Server\rewrite.php(45): require_once('C:\\xampp\\htdocs...')
#10 {main}
CRITICAL - 2023-02-05 15:41:46 --> Undefined variable: getAllItemsForOption
#0 C:\xampp\htdocs\DTS\modules\DefectManagement\Views\addtask\tasks.php(32): CodeIgniter\Debug\Exceptions->errorHandler(8, 'Undefined varia...', 'C:\\xampp\\htdocs...', 32, Array)
#1 C:\xampp\htdocs\DTS\vendor\codeigniter4\framework\system\View\View.php(220): include('C:\\xampp\\htdocs...')
#2 C:\xampp\htdocs\DTS\vendor\codeigniter4\framework\system\View\View.php(222): CodeIgniter\View\View->CodeIgniter\View\{closure}()
#3 C:\xampp\htdocs\DTS\vendor\codeigniter4\framework\system\Common.php(1217): CodeIgniter\View\View->render('Modules\\DefectM...', Array, true)
#4 C:\xampp\htdocs\DTS\app\Views\templates\index.php(18): view('Modules\\DefectM...')
#5 C:\xampp\htdocs\DTS\vendor\codeigniter4\framework\system\View\View.php(220): include('C:\\xampp\\htdocs...')
#6 C:\xampp\htdocs\DTS\vendor\codeigniter4\framework\system\View\View.php(222): CodeIgniter\View\View->CodeIgniter\View\{closure}()
#7 C:\xampp\htdocs\DTS\vendor\codeigniter4\framework\system\Common.php(1217): CodeIgniter\View\View->render('templates/index', Array, true)
#8 C:\xampp\htdocs\DTS\modules\DefectManagement\Controllers\Item.php(39): view('templates/index', Array)
#9 C:\xampp\htdocs\DTS\vendor\codeigniter4\framework\system\CodeIgniter.php(935): Modules\DefectManagement\Controllers\Item->tasks()
#10 C:\xampp\htdocs\DTS\vendor\codeigniter4\framework\system\CodeIgniter.php(431): CodeIgniter\CodeIgniter->runController(Object(Modules\DefectManagement\Controllers\Item))
#11 C:\xampp\htdocs\DTS\vendor\codeigniter4\framework\system\CodeIgniter.php(332): CodeIgniter\CodeIgniter->handleRequest(NULL, Object(Config\Cache), false)
#12 C:\xampp\htdocs\DTS\public\index.php(44): CodeIgniter\CodeIgniter->run()
#13 C:\xampp\htdocs\DTS\vendor\codeigniter4\framework\system\Commands\Server\rewrite.php(45): require_once('C:\\xampp\\htdocs...')
#14 {main}
CRITICAL - 2023-02-05 15:44:23 --> Undefined variable: title
#0 C:\xampp\htdocs\DTS\modules\DefectManagement\Views\addtask\tasks.php(6): CodeIgniter\Debug\Exceptions->errorHandler(8, 'Undefined varia...', 'C:\\xampp\\htdocs...', 6, Array)
#1 C:\xampp\htdocs\DTS\vendor\codeigniter4\framework\system\View\View.php(220): include('C:\\xampp\\htdocs...')
#2 C:\xampp\htdocs\DTS\vendor\codeigniter4\framework\system\View\View.php(222): CodeIgniter\View\View->CodeIgniter\View\{closure}()
#3 C:\xampp\htdocs\DTS\vendor\codeigniter4\framework\system\Common.php(1217): CodeIgniter\View\View->render('Modules\\DefectM...', Array, true)
#4 C:\xampp\htdocs\DTS\modules\DefectManagement\Controllers\Item.php(55): view('Modules\\DefectM...', Array)
#5 C:\xampp\htdocs\DTS\vendor\codeigniter4\framework\system\CodeIgniter.php(935): Modules\DefectManagement\Controllers\Item->itemTaskListViewReload()
#6 C:\xampp\htdocs\DTS\vendor\codeigniter4\framework\system\CodeIgniter.php(431): CodeIgniter\CodeIgniter->runController(Object(Modules\DefectManagement\Controllers\Item))
#7 C:\xampp\htdocs\DTS\vendor\codeigniter4\framework\system\CodeIgniter.php(332): CodeIgniter\CodeIgniter->handleRequest(NULL, Object(Config\Cache), false)
#8 C:\xampp\htdocs\DTS\public\index.php(44): CodeIgniter\CodeIgniter->run()
#9 C:\xampp\htdocs\DTS\vendor\codeigniter4\framework\system\Commands\Server\rewrite.php(45): require_once('C:\\xampp\\htdocs...')
#10 {main}
CRITICAL - 2023-02-05 15:44:32 --> Undefined variable: title
#0 C:\xampp\htdocs\DTS\modules\DefectManagement\Views\addtask\tasks.php(6): CodeIgniter\Debug\Exceptions->errorHandler(8, 'Undefined varia...', 'C:\\xampp\\htdocs...', 6, Array)
#1 C:\xampp\htdocs\DTS\vendor\codeigniter4\framework\system\View\View.php(220): include('C:\\xampp\\htdocs...')
#2 C:\xampp\htdocs\DTS\vendor\codeigniter4\framework\system\View\View.php(222): CodeIgniter\View\View->CodeIgniter\View\{closure}()
#3 C:\xampp\htdocs\DTS\vendor\codeigniter4\framework\system\Common.php(1217): CodeIgniter\View\View->render('Modules\\DefectM...', Array, true)
#4 C:\xampp\htdocs\DTS\modules\DefectManagement\Controllers\Item.php(55): view('Modules\\DefectM...', Array)
#5 C:\xampp\htdocs\DTS\vendor\codeigniter4\framework\system\CodeIgniter.php(935): Modules\DefectManagement\Controllers\Item->itemTaskListViewReload()
#6 C:\xampp\htdocs\DTS\vendor\codeigniter4\framework\system\CodeIgniter.php(431): CodeIgniter\CodeIgniter->runController(Object(Modules\DefectManagement\Controllers\Item))
#7 C:\xampp\htdocs\DTS\vendor\codeigniter4\framework\system\CodeIgniter.php(332): CodeIgniter\CodeIgniter->handleRequest(NULL, Object(Config\Cache), false)
#8 C:\xampp\htdocs\DTS\public\index.php(44): CodeIgniter\CodeIgniter->run()
#9 C:\xampp\htdocs\DTS\vendor\codeigniter4\framework\system\Commands\Server\rewrite.php(45): require_once('C:\\xampp\\htdocs...')
#10 {main}
CRITICAL - 2023-02-05 15:44:57 --> Undefined variable: title
#0 C:\xampp\htdocs\DTS\modules\DefectManagement\Views\addtask\tasks.php(6): CodeIgniter\Debug\Exceptions->errorHandler(8, 'Undefined varia...', 'C:\\xampp\\htdocs...', 6, Array)
#1 C:\xampp\htdocs\DTS\vendor\codeigniter4\framework\system\View\View.php(220): include('C:\\xampp\\htdocs...')
#2 C:\xampp\htdocs\DTS\vendor\codeigniter4\framework\system\View\View.php(222): CodeIgniter\View\View->CodeIgniter\View\{closure}()
#3 C:\xampp\htdocs\DTS\vendor\codeigniter4\framework\system\Common.php(1217): CodeIgniter\View\View->render('Modules\\DefectM...', Array, true)
#4 C:\xampp\htdocs\DTS\modules\DefectManagement\Controllers\Item.php(55): view('Modules\\DefectM...', Array)
#5 C:\xampp\htdocs\DTS\vendor\codeigniter4\framework\system\CodeIgniter.php(935): Modules\DefectManagement\Controllers\Item->itemTaskListViewReload()
#6 C:\xampp\htdocs\DTS\vendor\codeigniter4\framework\system\CodeIgniter.php(431): CodeIgniter\CodeIgniter->runController(Object(Modules\DefectManagement\Controllers\Item))
#7 C:\xampp\htdocs\DTS\vendor\codeigniter4\framework\system\CodeIgniter.php(332): CodeIgniter\CodeIgniter->handleRequest(NULL, Object(Config\Cache), false)
#8 C:\xampp\htdocs\DTS\public\index.php(44): CodeIgniter\CodeIgniter->run()
#9 C:\xampp\htdocs\DTS\vendor\codeigniter4\framework\system\Commands\Server\rewrite.php(45): require_once('C:\\xampp\\htdocs...')
#10 {main}
CRITICAL - 2023-02-05 15:45:07 --> Undefined variable: title
#0 C:\xampp\htdocs\DTS\modules\DefectManagement\Views\addtask\tasks.php(6): CodeIgniter\Debug\Exceptions->errorHandler(8, 'Undefined varia...', 'C:\\xampp\\htdocs...', 6, Array)
#1 C:\xampp\htdocs\DTS\vendor\codeigniter4\framework\system\View\View.php(220): include('C:\\xampp\\htdocs...')
#2 C:\xampp\htdocs\DTS\vendor\codeigniter4\framework\system\View\View.php(222): CodeIgniter\View\View->CodeIgniter\View\{closure}()
#3 C:\xampp\htdocs\DTS\vendor\codeigniter4\framework\system\Common.php(1217): CodeIgniter\View\View->render('Modules\\DefectM...', Array, true)
#4 C:\xampp\htdocs\DTS\modules\DefectManagement\Controllers\Item.php(55): view('Modules\\DefectM...', Array)
#5 C:\xampp\htdocs\DTS\vendor\codeigniter4\framework\system\CodeIgniter.php(935): Modules\DefectManagement\Controllers\Item->itemTaskListViewReload()
#6 C:\xampp\htdocs\DTS\vendor\codeigniter4\framework\system\CodeIgniter.php(431): CodeIgniter\CodeIgniter->runController(Object(Modules\DefectManagement\Controllers\Item))
#7 C:\xampp\htdocs\DTS\vendor\codeigniter4\framework\system\CodeIgniter.php(332): CodeIgniter\CodeIgniter->handleRequest(NULL, Object(Config\Cache), false)
#8 C:\xampp\htdocs\DTS\public\index.php(44): CodeIgniter\CodeIgniter->run()
#9 C:\xampp\htdocs\DTS\vendor\codeigniter4\framework\system\Commands\Server\rewrite.php(45): require_once('C:\\xampp\\htdocs...')
#10 {main}
CRITICAL - 2023-02-05 15:55:13 --> Undefined variable: items
#0 C:\xampp\htdocs\DTS\modules\DefectManagement\Views\addtask\tasksView.php(74): CodeIgniter\Debug\Exceptions->errorHandler(8, 'Undefined varia...', 'C:\\xampp\\htdocs...', 74, Array)
#1 C:\xampp\htdocs\DTS\vendor\codeigniter4\framework\system\View\View.php(220): include('C:\\xampp\\htdocs...')
#2 C:\xampp\htdocs\DTS\vendor\codeigniter4\framework\system\View\View.php(222): CodeIgniter\View\View->CodeIgniter\View\{closure}()
#3 C:\xampp\htdocs\DTS\vendor\codeigniter4\framework\system\Common.php(1217): CodeIgniter\View\View->render('Modules\\DefectM...', Array, true)
#4 C:\xampp\htdocs\DTS\modules\DefectManagement\Controllers\Item.php(55): view('Modules\\DefectM...', Array)
#5 C:\xampp\htdocs\DTS\vendor\codeigniter4\framework\system\CodeIgniter.php(935): Modules\DefectManagement\Controllers\Item->itemTaskListViewReload()
#6 C:\xampp\htdocs\DTS\vendor\codeigniter4\framework\system\CodeIgniter.php(431): CodeIgniter\CodeIgniter->runController(Object(Modules\DefectManagement\Controllers\Item))
#7 C:\xampp\htdocs\DTS\vendor\codeigniter4\framework\system\CodeIgniter.php(332): CodeIgniter\CodeIgniter->handleRequest(NULL, Object(Config\Cache), false)
#8 C:\xampp\htdocs\DTS\public\index.php(44): CodeIgniter\CodeIgniter->run()
#9 C:\xampp\htdocs\DTS\vendor\codeigniter4\framework\system\Commands\Server\rewrite.php(45): require_once('C:\\xampp\\htdocs...')
#10 {main}
CRITICAL - 2023-02-05 15:55:56 --> Undefined variable: items
#0 C:\xampp\htdocs\DTS\modules\DefectManagement\Views\addtask\tasksView.php(74): CodeIgniter\Debug\Exceptions->errorHandler(8, 'Undefined varia...', 'C:\\xampp\\htdocs...', 74, Array)
#1 C:\xampp\htdocs\DTS\vendor\codeigniter4\framework\system\View\View.php(220): include('C:\\xampp\\htdocs...')
#2 C:\xampp\htdocs\DTS\vendor\codeigniter4\framework\system\View\View.php(222): CodeIgniter\View\View->CodeIgniter\View\{closure}()
#3 C:\xampp\htdocs\DTS\vendor\codeigniter4\framework\system\Common.php(1217): CodeIgniter\View\View->render('Modules\\DefectM...', Array, true)
#4 C:\xampp\htdocs\DTS\modules\DefectManagement\Controllers\Item.php(55): view('Modules\\DefectM...', Array)
#5 C:\xampp\htdocs\DTS\vendor\codeigniter4\framework\system\CodeIgniter.php(935): Modules\DefectManagement\Controllers\Item->itemTaskListViewReload()
#6 C:\xampp\htdocs\DTS\vendor\codeigniter4\framework\system\CodeIgniter.php(431): CodeIgniter\CodeIgniter->runController(Object(Modules\DefectManagement\Controllers\Item))
#7 C:\xampp\htdocs\DTS\vendor\codeigniter4\framework\system\CodeIgniter.php(332): CodeIgniter\CodeIgniter->handleRequest(NULL, Object(Config\Cache), false)
#8 C:\xampp\htdocs\DTS\public\index.php(44): CodeIgniter\CodeIgniter->run()
#9 C:\xampp\htdocs\DTS\vendor\codeigniter4\framework\system\Commands\Server\rewrite.php(45): require_once('C:\\xampp\\htdocs...')
#10 {main}
CRITICAL - 2023-02-05 16:15:52 --> Argument 2 passed to user_link() must be of the type array, null given, called in C:\xampp\htdocs\DTS\modules\DefectManagement\Views\items\itemsView.php on line 4
#0 C:\xampp\htdocs\DTS\modules\DefectManagement\Views\items\itemsView.php(4): user_link('defect-items/a', NULL)
#1 C:\xampp\htdocs\DTS\vendor\codeigniter4\framework\system\View\View.php(220): include('C:\\xampp\\htdocs...')
#2 C:\xampp\htdocs\DTS\vendor\codeigniter4\framework\system\View\View.php(222): CodeIgniter\View\View->CodeIgniter\View\{closure}()
#3 C:\xampp\htdocs\DTS\vendor\codeigniter4\framework\system\Common.php(1217): CodeIgniter\View\View->render('Modules\\DefectM...', Array, true)
#4 C:\xampp\htdocs\DTS\modules\DefectManagement\Controllers\Item.php(28): view('Modules\\DefectM...', Array)
#5 C:\xampp\htdocs\DTS\vendor\codeigniter4\framework\system\CodeIgniter.php(935): Modules\DefectManagement\Controllers\Item->defectItemViewReload()
#6 C:\xampp\htdocs\DTS\vendor\codeigniter4\framework\system\CodeIgniter.php(431): CodeIgniter\CodeIgniter->runController(Object(Modules\DefectManagement\Controllers\Item))
#7 C:\xampp\htdocs\DTS\vendor\codeigniter4\framework\system\CodeIgniter.php(332): CodeIgniter\CodeIgniter->handleRequest(NULL, Object(Config\Cache), false)
#8 C:\xampp\htdocs\DTS\public\index.php(44): CodeIgniter\CodeIgniter->run()
#9 C:\xampp\htdocs\DTS\vendor\codeigniter4\framework\system\Commands\Server\rewrite.php(45): require_once('C:\\xampp\\htdocs...')
#10 {main}
CRITICAL - 2023-02-05 16:26:23 --> Undefined variable: items
#0 C:\xampp\htdocs\DTS\modules\DefectManagement\Views\addtask\tasksView.php(34): CodeIgniter\Debug\Exceptions->errorHandler(8, 'Undefined varia...', 'C:\\xampp\\htdocs...', 34, Array)
#1 C:\xampp\htdocs\DTS\vendor\codeigniter4\framework\system\View\View.php(220): include('C:\\xampp\\htdocs...')
#2 C:\xampp\htdocs\DTS\vendor\codeigniter4\framework\system\View\View.php(222): CodeIgniter\View\View->CodeIgniter\View\{closure}()
#3 C:\xampp\htdocs\DTS\vendor\codeigniter4\framework\system\Common.php(1217): CodeIgniter\View\View->render('Modules\\DefectM...', Array, true)
#4 C:\xampp\htdocs\DTS\modules\DefectManagement\Controllers\Item.php(55): view('Modules\\DefectM...', Array)
#5 C:\xampp\htdocs\DTS\vendor\codeigniter4\framework\system\CodeIgniter.php(935): Modules\DefectManagement\Controllers\Item->itemTaskListViewReload()
#6 C:\xampp\htdocs\DTS\vendor\codeigniter4\framework\system\CodeIgniter.php(431): CodeIgniter\CodeIgniter->runController(Object(Modules\DefectManagement\Controllers\Item))
#7 C:\xampp\htdocs\DTS\vendor\codeigniter4\framework\system\CodeIgniter.php(332): CodeIgniter\CodeIgniter->handleRequest(NULL, Object(Config\Cache), false)
#8 C:\xampp\htdocs\DTS\public\index.php(44): CodeIgniter\CodeIgniter->run()
#9 C:\xampp\htdocs\DTS\vendor\codeigniter4\framework\system\Commands\Server\rewrite.php(45): require_once('C:\\xampp\\htdocs...')
#10 {main}
CRITICAL - 2023-02-05 16:26:32 --> Undefined variable: items
#0 C:\xampp\htdocs\DTS\modules\DefectManagement\Views\addtask\tasksView.php(34): CodeIgniter\Debug\Exceptions->errorHandler(8, 'Undefined varia...', 'C:\\xampp\\htdocs...', 34, Array)
#1 C:\xampp\htdocs\DTS\vendor\codeigniter4\framework\system\View\View.php(220): include('C:\\xampp\\htdocs...')
#2 C:\xampp\htdocs\DTS\vendor\codeigniter4\framework\system\View\View.php(222): CodeIgniter\View\View->CodeIgniter\View\{closure}()
#3 C:\xampp\htdocs\DTS\vendor\codeigniter4\framework\system\Common.php(1217): CodeIgniter\View\View->render('Modules\\DefectM...', Array, true)
#4 C:\xampp\htdocs\DTS\modules\DefectManagement\Controllers\Item.php(55): view('Modules\\DefectM...', Array)
#5 C:\xampp\htdocs\DTS\vendor\codeigniter4\framework\system\CodeIgniter.php(935): Modules\DefectManagement\Controllers\Item->itemTaskListViewReload()
#6 C:\xampp\htdocs\DTS\vendor\codeigniter4\framework\system\CodeIgniter.php(431): CodeIgniter\CodeIgniter->runController(Object(Modules\DefectManagement\Controllers\Item))
#7 C:\xampp\htdocs\DTS\vendor\codeigniter4\framework\system\CodeIgniter.php(332): CodeIgniter\CodeIgniter->handleRequest(NULL, Object(Config\Cache), false)
#8 C:\xampp\htdocs\DTS\public\index.php(44): CodeIgniter\CodeIgniter->run()
#9 C:\xampp\htdocs\DTS\vendor\codeigniter4\framework\system\Commands\Server\rewrite.php(45): require_once('C:\\xampp\\htdocs...')
#10 {main}
CRITICAL - 2023-02-05 17:47:09 --> Undefined index: severity_id
#0 C:\xampp\htdocs\DTS\modules\DefectManagement\Controllers\Item.php(180): CodeIgniter\Debug\Exceptions->errorHandler(8, 'Undefined index...', 'C:\\xampp\\htdocs...', 180, Array)
#1 C:\xampp\htdocs\DTS\vendor\codeigniter4\framework\system\CodeIgniter.php(935): Modules\DefectManagement\Controllers\Item->editTaskStatus('4')
#2 C:\xampp\htdocs\DTS\vendor\codeigniter4\framework\system\CodeIgniter.php(431): CodeIgniter\CodeIgniter->runController(Object(Modules\DefectManagement\Controllers\Item))
#3 C:\xampp\htdocs\DTS\vendor\codeigniter4\framework\system\CodeIgniter.php(332): CodeIgniter\CodeIgniter->handleRequest(NULL, Object(Config\Cache), false)
#4 C:\xampp\htdocs\DTS\public\index.php(44): CodeIgniter\CodeIgniter->run()
#5 C:\xampp\htdocs\DTS\vendor\codeigniter4\framework\system\Commands\Server\rewrite.php(45): require_once('C:\\xampp\\htdocs...')
#6 {main}
CRITICAL - 2023-02-05 17:48:48 --> Undefined offset: 2
#0 C:\xampp\htdocs\DTS\modules\DefectManagement\Controllers\Item.php(175): CodeIgniter\Debug\Exceptions->errorHandler(8, 'Undefined offse...', 'C:\\xampp\\htdocs...', 175, Array)
#1 C:\xampp\htdocs\DTS\vendor\codeigniter4\framework\system\CodeIgniter.php(935): Modules\DefectManagement\Controllers\Item->editTaskStatus('4')
#2 C:\xampp\htdocs\DTS\vendor\codeigniter4\framework\system\CodeIgniter.php(431): CodeIgniter\CodeIgniter->runController(Object(Modules\DefectManagement\Controllers\Item))
#3 C:\xampp\htdocs\DTS\vendor\codeigniter4\framework\system\CodeIgniter.php(332): CodeIgniter\CodeIgniter->handleRequest(NULL, Object(Config\Cache), false)
#4 C:\xampp\htdocs\DTS\public\index.php(44): CodeIgniter\CodeIgniter->run()
#5 C:\xampp\htdocs\DTS\vendor\codeigniter4\framework\system\Commands\Server\rewrite.php(45): require_once('C:\\xampp\\htdocs...')
#6 {main}
CRITICAL - 2023-02-05 17:48:59 --> Undefined offset: 2
#0 C:\xampp\htdocs\DTS\modules\DefectManagement\Controllers\Item.php(175): CodeIgniter\Debug\Exceptions->errorHandler(8, 'Undefined offse...', 'C:\\xampp\\htdocs...', 175, Array)
#1 C:\xampp\htdocs\DTS\vendor\codeigniter4\framework\system\CodeIgniter.php(935): Modules\DefectManagement\Controllers\Item->editTaskStatus('4')
#2 C:\xampp\htdocs\DTS\vendor\codeigniter4\framework\system\CodeIgniter.php(431): CodeIgniter\CodeIgniter->runController(Object(Modules\DefectManagement\Controllers\Item))
#3 C:\xampp\htdocs\DTS\vendor\codeigniter4\framework\system\CodeIgniter.php(332): CodeIgniter\CodeIgniter->handleRequest(NULL, Object(Config\Cache), false)
#4 C:\xampp\htdocs\DTS\public\index.php(44): CodeIgniter\CodeIgniter->run()
#5 C:\xampp\htdocs\DTS\vendor\codeigniter4\framework\system\Commands\Server\rewrite.php(45): require_once('C:\\xampp\\htdocs...')
#6 {main}
CRITICAL - 2023-02-05 17:49:14 --> Undefined offset: 2
#0 C:\xampp\htdocs\DTS\modules\DefectManagement\Controllers\Item.php(175): CodeIgniter\Debug\Exceptions->errorHandler(8, 'Undefined offse...', 'C:\\xampp\\htdocs...', 175, Array)
#1 C:\xampp\htdocs\DTS\vendor\codeigniter4\framework\system\CodeIgniter.php(935): Modules\DefectManagement\Controllers\Item->editTaskStatus('4')
#2 C:\xampp\htdocs\DTS\vendor\codeigniter4\framework\system\CodeIgniter.php(431): CodeIgniter\CodeIgniter->runController(Object(Modules\DefectManagement\Controllers\Item))
#3 C:\xampp\htdocs\DTS\vendor\codeigniter4\framework\system\CodeIgniter.php(332): CodeIgniter\CodeIgniter->handleRequest(NULL, Object(Config\Cache), false)
#4 C:\xampp\htdocs\DTS\public\index.php(44): CodeIgniter\CodeIgniter->run()
#5 C:\xampp\htdocs\DTS\vendor\codeigniter4\framework\system\Commands\Server\rewrite.php(45): require_once('C:\\xampp\\htdocs...')
#6 {main}
CRITICAL - 2023-02-05 17:50:40 --> Undefined offset: 2
#0 C:\xampp\htdocs\DTS\modules\DefectManagement\Controllers\Item.php(175): CodeIgniter\Debug\Exceptions->errorHandler(8, 'Undefined offse...', 'C:\\xampp\\htdocs...', 175, Array)
#1 C:\xampp\htdocs\DTS\vendor\codeigniter4\framework\system\CodeIgniter.php(935): Modules\DefectManagement\Controllers\Item->editTaskStatus('4')
#2 C:\xampp\htdocs\DTS\vendor\codeigniter4\framework\system\CodeIgniter.php(431): CodeIgniter\CodeIgniter->runController(Object(Modules\DefectManagement\Controllers\Item))
#3 C:\xampp\htdocs\DTS\vendor\codeigniter4\framework\system\CodeIgniter.php(332): CodeIgniter\CodeIgniter->handleRequest(NULL, Object(Config\Cache), false)
#4 C:\xampp\htdocs\DTS\public\index.php(44): CodeIgniter\CodeIgniter->run()
#5 C:\xampp\htdocs\DTS\vendor\codeigniter4\framework\system\Commands\Server\rewrite.php(45): require_once('C:\\xampp\\htdocs...')
#6 {main}
CRITICAL - 2023-02-05 17:53:16 --> Undefined index: severity_id
#0 C:\xampp\htdocs\DTS\modules\DefectManagement\Controllers\Item.php(180): CodeIgniter\Debug\Exceptions->errorHandler(8, 'Undefined index...', 'C:\\xampp\\htdocs...', 180, Array)
#1 C:\xampp\htdocs\DTS\vendor\codeigniter4\framework\system\CodeIgniter.php(935): Modules\DefectManagement\Controllers\Item->editTaskStatus('4')
#2 C:\xampp\htdocs\DTS\vendor\codeigniter4\framework\system\CodeIgniter.php(431): CodeIgniter\CodeIgniter->runController(Object(Modules\DefectManagement\Controllers\Item))
#3 C:\xampp\htdocs\DTS\vendor\codeigniter4\framework\system\CodeIgniter.php(332): CodeIgniter\CodeIgniter->handleRequest(NULL, Object(Config\Cache), false)
#4 C:\xampp\htdocs\DTS\public\index.php(44): CodeIgniter\CodeIgniter->run()
#5 C:\xampp\htdocs\DTS\vendor\codeigniter4\framework\system\Commands\Server\rewrite.php(45): require_once('C:\\xampp\\htdocs...')
#6 {main}
CRITICAL - 2023-02-05 17:53:54 --> Undefined index: severity_id
#0 C:\xampp\htdocs\DTS\modules\DefectManagement\Controllers\Item.php(180): CodeIgniter\Debug\Exceptions->errorHandler(8, 'Undefined index...', 'C:\\xampp\\htdocs...', 180, Array)
#1 C:\xampp\htdocs\DTS\vendor\codeigniter4\framework\system\CodeIgniter.php(935): Modules\DefectManagement\Controllers\Item->editTaskStatus('4')
#2 C:\xampp\htdocs\DTS\vendor\codeigniter4\framework\system\CodeIgniter.php(431): CodeIgniter\CodeIgniter->runController(Object(Modules\DefectManagement\Controllers\Item))
#3 C:\xampp\htdocs\DTS\vendor\codeigniter4\framework\system\CodeIgniter.php(332): CodeIgniter\CodeIgniter->handleRequest(NULL, Object(Config\Cache), false)
#4 C:\xampp\htdocs\DTS\public\index.php(44): CodeIgniter\CodeIgniter->run()
#5 C:\xampp\htdocs\DTS\vendor\codeigniter4\framework\system\Commands\Server\rewrite.php(45): require_once('C:\\xampp\\htdocs...')
#6 {main}
CRITICAL - 2023-02-05 17:54:42 --> Undefined index: assignee_id
#0 C:\xampp\htdocs\DTS\modules\DefectManagement\Controllers\Item.php(179): CodeIgniter\Debug\Exceptions->errorHandler(8, 'Undefined index...', 'C:\\xampp\\htdocs...', 179, Array)
#1 C:\xampp\htdocs\DTS\vendor\codeigniter4\framework\system\CodeIgniter.php(935): Modules\DefectManagement\Controllers\Item->editTaskStatus('2')
#2 C:\xampp\htdocs\DTS\vendor\codeigniter4\framework\system\CodeIgniter.php(431): CodeIgniter\CodeIgniter->runController(Object(Modules\DefectManagement\Controllers\Item))
#3 C:\xampp\htdocs\DTS\vendor\codeigniter4\framework\system\CodeIgniter.php(332): CodeIgniter\CodeIgniter->handleRequest(NULL, Object(Config\Cache), false)
#4 C:\xampp\htdocs\DTS\public\index.php(44): CodeIgniter\CodeIgniter->run()
#5 C:\xampp\htdocs\DTS\vendor\codeigniter4\framework\system\Commands\Server\rewrite.php(45): require_once('C:\\xampp\\htdocs...')
#6 {main}
CRITICAL - 2023-02-05 17:54:48 --> Undefined index: severity_id
#0 C:\xampp\htdocs\DTS\modules\DefectManagement\Controllers\Item.php(180): CodeIgniter\Debug\Exceptions->errorHandler(8, 'Undefined index...', 'C:\\xampp\\htdocs...', 180, Array)
#1 C:\xampp\htdocs\DTS\vendor\codeigniter4\framework\system\CodeIgniter.php(935): Modules\DefectManagement\Controllers\Item->editTaskStatus('4')
#2 C:\xampp\htdocs\DTS\vendor\codeigniter4\framework\system\CodeIgniter.php(431): CodeIgniter\CodeIgniter->runController(Object(Modules\DefectManagement\Controllers\Item))
#3 C:\xampp\htdocs\DTS\vendor\codeigniter4\framework\system\CodeIgniter.php(332): CodeIgniter\CodeIgniter->handleRequest(NULL, Object(Config\Cache), false)
#4 C:\xampp\htdocs\DTS\public\index.php(44): CodeIgniter\CodeIgniter->run()
#5 C:\xampp\htdocs\DTS\vendor\codeigniter4\framework\system\Commands\Server\rewrite.php(45): require_once('C:\\xampp\\htdocs...')
#6 {main}
CRITICAL - 2023-02-05 17:59:00 --> Undefined index: severity_id
#0 C:\xampp\htdocs\DTS\modules\DefectManagement\Controllers\Item.php(175): CodeIgniter\Debug\Exceptions->errorHandler(8, 'Undefined index...', 'C:\\xampp\\htdocs...', 175, Array)
#1 C:\xampp\htdocs\DTS\vendor\codeigniter4\framework\system\CodeIgniter.php(935): Modules\DefectManagement\Controllers\Item->editTaskStatus('4')
#2 C:\xampp\htdocs\DTS\vendor\codeigniter4\framework\system\CodeIgniter.php(431): CodeIgniter\CodeIgniter->runController(Object(Modules\DefectManagement\Controllers\Item))
#3 C:\xampp\htdocs\DTS\vendor\codeigniter4\framework\system\CodeIgniter.php(332): CodeIgniter\CodeIgniter->handleRequest(NULL, Object(Config\Cache), false)
#4 C:\xampp\htdocs\DTS\public\index.php(44): CodeIgniter\CodeIgniter->run()
#5 C:\xampp\htdocs\DTS\vendor\codeigniter4\framework\system\Commands\Server\rewrite.php(45): require_once('C:\\xampp\\htdocs...')
#6 {main}
CRITICAL - 2023-02-05 18:04:25 --> Undefined index: severity_id
#0 C:\xampp\htdocs\DTS\modules\DefectManagement\Controllers\Item.php(175): CodeIgniter\Debug\Exceptions->errorHandler(8, 'Undefined index...', 'C:\\xampp\\htdocs...', 175, Array)
#1 C:\xampp\htdocs\DTS\vendor\codeigniter4\framework\system\CodeIgniter.php(935): Modules\DefectManagement\Controllers\Item->editTaskStatus('4')
#2 C:\xampp\htdocs\DTS\vendor\codeigniter4\framework\system\CodeIgniter.php(431): CodeIgniter\CodeIgniter->runController(Object(Modules\DefectManagement\Controllers\Item))
#3 C:\xampp\htdocs\DTS\vendor\codeigniter4\framework\system\CodeIgniter.php(332): CodeIgniter\CodeIgniter->handleRequest(NULL, Object(Config\Cache), false)
#4 C:\xampp\htdocs\DTS\public\index.php(44): CodeIgniter\CodeIgniter->run()
#5 C:\xampp\htdocs\DTS\vendor\codeigniter4\framework\system\Commands\Server\rewrite.php(45): require_once('C:\\xampp\\htdocs...')
#6 {main}
CRITICAL - 2023-02-05 18:05:31 --> Undefined index: severity_id
#0 C:\xampp\htdocs\DTS\modules\DefectManagement\Controllers\Item.php(175): CodeIgniter\Debug\Exceptions->errorHandler(8, 'Undefined index...', 'C:\\xampp\\htdocs...', 175, Array)
#1 C:\xampp\htdocs\DTS\vendor\codeigniter4\framework\system\CodeIgniter.php(935): Modules\DefectManagement\Controllers\Item->editTaskStatus('4')
#2 C:\xampp\htdocs\DTS\vendor\codeigniter4\framework\system\CodeIgniter.php(431): CodeIgniter\CodeIgniter->runController(Object(Modules\DefectManagement\Controllers\Item))
#3 C:\xampp\htdocs\DTS\vendor\codeigniter4\framework\system\CodeIgniter.php(332): CodeIgniter\CodeIgniter->handleRequest(NULL, Object(Config\Cache), false)
#4 C:\xampp\htdocs\DTS\public\index.php(44): CodeIgniter\CodeIgniter->run()
#5 C:\xampp\htdocs\DTS\vendor\codeigniter4\framework\system\Commands\Server\rewrite.php(45): require_once('C:\\xampp\\htdocs...')
#6 {main}
CRITICAL - 2023-02-05 18:06:02 --> Undefined index: severity_id
#0 C:\xampp\htdocs\DTS\modules\DefectManagement\Controllers\Item.php(175): CodeIgniter\Debug\Exceptions->errorHandler(8, 'Undefined index...', 'C:\\xampp\\htdocs...', 175, Array)
#1 C:\xampp\htdocs\DTS\vendor\codeigniter4\framework\system\CodeIgniter.php(935): Modules\DefectManagement\Controllers\Item->editTaskStatus('4')
#2 C:\xampp\htdocs\DTS\vendor\codeigniter4\framework\system\CodeIgniter.php(431): CodeIgniter\CodeIgniter->runController(Object(Modules\DefectManagement\Controllers\Item))
#3 C:\xampp\htdocs\DTS\vendor\codeigniter4\framework\system\CodeIgniter.php(332): CodeIgniter\CodeIgniter->handleRequest(NULL, Object(Config\Cache), false)
#4 C:\xampp\htdocs\DTS\public\index.php(44): CodeIgniter\CodeIgniter->run()
#5 C:\xampp\htdocs\DTS\vendor\codeigniter4\framework\system\Commands\Server\rewrite.php(45): require_once('C:\\xampp\\htdocs...')
#6 {main}
CRITICAL - 2023-02-05 18:14:40 --> Undefined index: assignee_id
#0 C:\xampp\htdocs\DTS\modules\DefectManagement\Views\addtask\tasksView.php(109): CodeIgniter\Debug\Exceptions->errorHandler(8, 'Undefined index...', 'C:\\xampp\\htdocs...', 109, Array)
#1 C:\xampp\htdocs\DTS\vendor\codeigniter4\framework\system\View\View.php(220): include('C:\\xampp\\htdocs...')
#2 C:\xampp\htdocs\DTS\vendor\codeigniter4\framework\system\View\View.php(222): CodeIgniter\View\View->CodeIgniter\View\{closure}()
#3 C:\xampp\htdocs\DTS\vendor\codeigniter4\framework\system\Common.php(1217): CodeIgniter\View\View->render('Modules\\DefectM...', Array, true)
#4 C:\xampp\htdocs\DTS\modules\DefectManagement\Controllers\Item.php(57): view('Modules\\DefectM...', Array)
#5 C:\xampp\htdocs\DTS\vendor\codeigniter4\framework\system\CodeIgniter.php(935): Modules\DefectManagement\Controllers\Item->itemTaskListViewReload()
#6 C:\xampp\htdocs\DTS\vendor\codeigniter4\framework\system\CodeIgniter.php(431): CodeIgniter\CodeIgniter->runController(Object(Modules\DefectManagement\Controllers\Item))
#7 C:\xampp\htdocs\DTS\vendor\codeigniter4\framework\system\CodeIgniter.php(332): CodeIgniter\CodeIgniter->handleRequest(NULL, Object(Config\Cache), false)
#8 C:\xampp\htdocs\DTS\public\index.php(44): CodeIgniter\CodeIgniter->run()
#9 C:\xampp\htdocs\DTS\vendor\codeigniter4\framework\system\Commands\Server\rewrite.php(45): require_once('C:\\xampp\\htdocs...')
#10 {main}
